<?xml version="1.0" encoding="UTF-8"?>
<testng-results ignored="0" total="1" passed="1" failed="0" skipped="0">
  <reporter-output>
  </reporter-output>
  <suite started-at="2025-03-03T01:34:45 IST" name="Default suite" finished-at="2025-03-03T01:35:20 IST" duration-ms="34852">
    <groups>
      <group name="cucumber">
        <method signature="AbstractTestNGCucumberTests.runScenario(io.cucumber.testng.PickleWrapper,io.cucumber.testng.FeatureWrapper)[pri:0, instance:Features.Runner@7a5ceedd]" name="runScenario" class="io.cucumber.testng.AbstractTestNGCucumberTests"/>
      </group> <!-- cucumber -->
    </groups>
    <test started-at="2025-03-03T01:34:45 IST" name="Default test" finished-at="2025-03-03T01:35:20 IST" duration-ms="34852">
      <class name="Features.Runner">
        <test-method is-config="true" signature="setUpClass(org.testng.ITestContext)[pri:0, instance:Features.Runner@7a5ceedd]" started-at="2025-03-03T01:34:45 IST" name="setUpClass" finished-at="2025-03-03T01:34:46 IST" duration-ms="701" status="PASS">
          <params>
            <param index="0">
              <value>
                <![CDATA[org.testng.TestRunner@3d4e405e]]>
              </value>
            </param>
          </params>
          <reporter-output>
          </reporter-output>
        </test-method> <!-- setUpClass -->
        <test-method signature="runScenario(io.cucumber.testng.PickleWrapper,io.cucumber.testng.FeatureWrapper)[pri:0, instance:Features.Runner@7a5ceedd]" started-at="2025-03-03T01:34:46 IST" name="runScenario" description="Runs Cucumber Scenarios" data-provider="scenarios" finished-at="2025-03-03T01:35:20 IST" duration-ms="34062" status="PASS">
          <params>
            <param index="0">
              <value>
                <![CDATA["Add Product to cart"]]>
              </value>
            </param>
            <param index="1">
              <value>
                <![CDATA["Purchase order from ecommerce site"]]>
              </value>
            </param>
          </params>
          <reporter-output>
          </reporter-output>
        </test-method> <!-- runScenario -->
        <test-method is-config="true" signature="tearDownClass()[pri:0, instance:Features.Runner@7a5ceedd]" started-at="2025-03-03T01:35:20 IST" name="tearDownClass" finished-at="2025-03-03T01:35:20 IST" duration-ms="30" status="PASS">
          <reporter-output>
          </reporter-output>
        </test-method> <!-- tearDownClass -->
      </class> <!-- Features.Runner -->
    </test> <!-- Default test -->
  </suite> <!-- Default suite -->
</testng-results>
